ERROR - 2023-12-25 01:11:22 --> mysqli_sql_exception: Column 'sex' cannot be null in C:\laragon\www\rhu_backending\system\Database\MySQLi\Connection.php:306
Stack trace:
#0 C:\laragon\www\rhu_backending\system\Database\MySQLi\Connection.php(306): mysqli->query('INSERT INTO `ap...', 0)
#1 C:\laragon\www\rhu_backending\system\Database\BaseConnection.php(692): CodeIgniter\Database\MySQLi\Connection->execute('INSERT INTO `ap...')
#2 C:\laragon\www\rhu_backending\system\Database\BaseConnection.php(606): CodeIgniter\Database\BaseConnection->simpleQuery('INSERT INTO `ap...')
#3 C:\laragon\www\rhu_backending\system\Database\BaseBuilder.php(2308): CodeIgniter\Database\BaseConnection->query('INSERT INTO `ap...', Array, false)
#4 C:\laragon\www\rhu_backending\system\Model.php(319): CodeIgniter\Database\BaseBuilder->insert()
#5 C:\laragon\www\rhu_backending\system\BaseModel.php(788): CodeIgniter\Model->doInsert(Array)
#6 C:\laragon\www\rhu_backending\system\Model.php(715): CodeIgniter\BaseModel->insert(Array, false)
#7 C:\laragon\www\rhu_backending\system\BaseModel.php(698): CodeIgniter\Model->insert(Array, false)
#8 C:\laragon\www\rhu_backending\app\Controllers\UserController.php(239): CodeIgniter\BaseModel->save(Array)
#9 C:\laragon\www\rhu_backending\system\CodeIgniter.php(919): App\Controllers\UserController->newpatient()
#10 C:\laragon\www\rhu_backending\system\CodeIgniter.php(494): CodeIgniter\CodeIgniter->runController(Object(App\Controllers\UserController))
#11 C:\laragon\www\rhu_backending\system\CodeIgniter.php(353): CodeIgniter\CodeIgniter->handleRequest(NULL, Object(Config\Cache), false)
#12 C:\laragon\www\rhu_backending\public\index.php(86): CodeIgniter\CodeIgniter->run()
#13 {main}
CRITICAL - 2023-12-25 01:11:22 --> Column 'sex' cannot be null
in SYSTEMPATH\Database\BaseConnection.php on line 646.
 1 SYSTEMPATH\Database\BaseBuilder.php(2308): CodeIgniter\Database\BaseConnection->query('INSERT INTO `appointments` (`first_name`, `last_name`, `birthdate`, `age`, `sex`, `contact_num`, `barangay`) VALUES (:first_name:, :last_name:, :birthdate:, :age:, :sex:, :contact_num:, :barangay:)', [...], false)
 2 SYSTEMPATH\Model.php(319): CodeIgniter\Database\BaseBuilder->insert()
 3 SYSTEMPATH\BaseModel.php(788): CodeIgniter\Model->doInsert([...])
 4 SYSTEMPATH\Model.php(715): CodeIgniter\BaseModel->insert([...], false)
 5 SYSTEMPATH\BaseModel.php(698): CodeIgniter\Model->insert([...], false)
 6 APPPATH\Controllers\UserController.php(239): CodeIgniter\BaseModel->save([...])
 7 SYSTEMPATH\CodeIgniter.php(919): App\Controllers\UserController->newpatient()
 8 SYSTEMPATH\CodeIgniter.php(494): CodeIgniter\CodeIgniter->runController(Object(App\Controllers\UserController))
 9 SYSTEMPATH\CodeIgniter.php(353): CodeIgniter\CodeIgniter->handleRequest(null, Object(Config\Cache), false)
10 FCPATH\index.php(86): CodeIgniter\CodeIgniter->run()
ERROR - 2023-12-25 02:31:05 --> mysqli_sql_exception: Column 'med_type' cannot be null in C:\laragon\www\rhu_backending\system\Database\MySQLi\Connection.php:306
Stack trace:
#0 C:\laragon\www\rhu_backending\system\Database\MySQLi\Connection.php(306): mysqli->query('INSERT INTO `me...', 0)
#1 C:\laragon\www\rhu_backending\system\Database\BaseConnection.php(692): CodeIgniter\Database\MySQLi\Connection->execute('INSERT INTO `me...')
#2 C:\laragon\www\rhu_backending\system\Database\BaseConnection.php(606): CodeIgniter\Database\BaseConnection->simpleQuery('INSERT INTO `me...')
#3 C:\laragon\www\rhu_backending\system\Database\BaseBuilder.php(2308): CodeIgniter\Database\BaseConnection->query('INSERT INTO `me...', Array, false)
#4 C:\laragon\www\rhu_backending\system\Model.php(319): CodeIgniter\Database\BaseBuilder->insert()
#5 C:\laragon\www\rhu_backending\system\BaseModel.php(788): CodeIgniter\Model->doInsert(Array)
#6 C:\laragon\www\rhu_backending\system\Model.php(715): CodeIgniter\BaseModel->insert(Array, false)
#7 C:\laragon\www\rhu_backending\system\BaseModel.php(698): CodeIgniter\Model->insert(Array, false)
#8 C:\laragon\www\rhu_backending\app\Controllers\AdminController.php(39): CodeIgniter\BaseModel->save(Array)
#9 C:\laragon\www\rhu_backending\system\CodeIgniter.php(919): App\Controllers\AdminController->newmedicine()
#10 C:\laragon\www\rhu_backending\system\CodeIgniter.php(494): CodeIgniter\CodeIgniter->runController(Object(App\Controllers\AdminController))
#11 C:\laragon\www\rhu_backending\system\CodeIgniter.php(353): CodeIgniter\CodeIgniter->handleRequest(NULL, Object(Config\Cache), false)
#12 C:\laragon\www\rhu_backending\public\index.php(86): CodeIgniter\CodeIgniter->run()
#13 {main}
CRITICAL - 2023-12-25 02:31:05 --> Column 'med_type' cannot be null
in SYSTEMPATH\Database\BaseConnection.php on line 646.
 1 SYSTEMPATH\Database\BaseBuilder.php(2308): CodeIgniter\Database\BaseConnection->query('INSERT INTO `medicines` (`ndc`, `med_name`, `med_type`, `stocks`, `expiry_date`, `status`) VALUES (:ndc:, :med_name:, :med_type:, :stocks:, :expiry_date:, :status:)', [...], false)
 2 SYSTEMPATH\Model.php(319): CodeIgniter\Database\BaseBuilder->insert()
 3 SYSTEMPATH\BaseModel.php(788): CodeIgniter\Model->doInsert([...])
 4 SYSTEMPATH\Model.php(715): CodeIgniter\BaseModel->insert([...], false)
 5 SYSTEMPATH\BaseModel.php(698): CodeIgniter\Model->insert([...], false)
 6 APPPATH\Controllers\AdminController.php(39): CodeIgniter\BaseModel->save([...])
 7 SYSTEMPATH\CodeIgniter.php(919): App\Controllers\AdminController->newmedicine()
 8 SYSTEMPATH\CodeIgniter.php(494): CodeIgniter\CodeIgniter->runController(Object(App\Controllers\AdminController))
 9 SYSTEMPATH\CodeIgniter.php(353): CodeIgniter\CodeIgniter->handleRequest(null, Object(Config\Cache), false)
10 FCPATH\index.php(86): CodeIgniter\CodeIgniter->run()
ERROR - 2023-12-25 02:31:25 --> mysqli_sql_exception: Column 'med_type' cannot be null in C:\laragon\www\rhu_backending\system\Database\MySQLi\Connection.php:306
Stack trace:
#0 C:\laragon\www\rhu_backending\system\Database\MySQLi\Connection.php(306): mysqli->query('INSERT INTO `me...', 0)
#1 C:\laragon\www\rhu_backending\system\Database\BaseConnection.php(692): CodeIgniter\Database\MySQLi\Connection->execute('INSERT INTO `me...')
#2 C:\laragon\www\rhu_backending\system\Database\BaseConnection.php(606): CodeIgniter\Database\BaseConnection->simpleQuery('INSERT INTO `me...')
#3 C:\laragon\www\rhu_backending\system\Database\BaseBuilder.php(2308): CodeIgniter\Database\BaseConnection->query('INSERT INTO `me...', Array, false)
#4 C:\laragon\www\rhu_backending\system\Model.php(319): CodeIgniter\Database\BaseBuilder->insert()
#5 C:\laragon\www\rhu_backending\system\BaseModel.php(788): CodeIgniter\Model->doInsert(Array)
#6 C:\laragon\www\rhu_backending\system\Model.php(715): CodeIgniter\BaseModel->insert(Array, false)
#7 C:\laragon\www\rhu_backending\system\BaseModel.php(698): CodeIgniter\Model->insert(Array, false)
#8 C:\laragon\www\rhu_backending\app\Controllers\AdminController.php(39): CodeIgniter\BaseModel->save(Array)
#9 C:\laragon\www\rhu_backending\system\CodeIgniter.php(919): App\Controllers\AdminController->newmedicine()
#10 C:\laragon\www\rhu_backending\system\CodeIgniter.php(494): CodeIgniter\CodeIgniter->runController(Object(App\Controllers\AdminController))
#11 C:\laragon\www\rhu_backending\system\CodeIgniter.php(353): CodeIgniter\CodeIgniter->handleRequest(NULL, Object(Config\Cache), false)
#12 C:\laragon\www\rhu_backending\public\index.php(86): CodeIgniter\CodeIgniter->run()
#13 {main}
CRITICAL - 2023-12-25 02:31:25 --> Column 'med_type' cannot be null
in SYSTEMPATH\Database\BaseConnection.php on line 646.
 1 SYSTEMPATH\Database\BaseBuilder.php(2308): CodeIgniter\Database\BaseConnection->query('INSERT INTO `medicines` (`ndc`, `med_name`, `med_type`, `stocks`, `expiry_date`, `status`) VALUES (:ndc:, :med_name:, :med_type:, :stocks:, :expiry_date:, :status:)', [...], false)
 2 SYSTEMPATH\Model.php(319): CodeIgniter\Database\BaseBuilder->insert()
 3 SYSTEMPATH\BaseModel.php(788): CodeIgniter\Model->doInsert([...])
 4 SYSTEMPATH\Model.php(715): CodeIgniter\BaseModel->insert([...], false)
 5 SYSTEMPATH\BaseModel.php(698): CodeIgniter\Model->insert([...], false)
 6 APPPATH\Controllers\AdminController.php(39): CodeIgniter\BaseModel->save([...])
 7 SYSTEMPATH\CodeIgniter.php(919): App\Controllers\AdminController->newmedicine()
 8 SYSTEMPATH\CodeIgniter.php(494): CodeIgniter\CodeIgniter->runController(Object(App\Controllers\AdminController))
 9 SYSTEMPATH\CodeIgniter.php(353): CodeIgniter\CodeIgniter->handleRequest(null, Object(Config\Cache), false)
10 FCPATH\index.php(86): CodeIgniter\CodeIgniter->run()
ERROR - 2023-12-25 09:12:41 --> mysqli_sql_exception: Column 'med_type' cannot be null in C:\laragon\www\rhu_backending\system\Database\MySQLi\Connection.php:306
Stack trace:
#0 C:\laragon\www\rhu_backending\system\Database\MySQLi\Connection.php(306): mysqli->query('INSERT INTO `me...', 0)
#1 C:\laragon\www\rhu_backending\system\Database\BaseConnection.php(692): CodeIgniter\Database\MySQLi\Connection->execute('INSERT INTO `me...')
#2 C:\laragon\www\rhu_backending\system\Database\BaseConnection.php(606): CodeIgniter\Database\BaseConnection->simpleQuery('INSERT INTO `me...')
#3 C:\laragon\www\rhu_backending\system\Database\BaseBuilder.php(2308): CodeIgniter\Database\BaseConnection->query('INSERT INTO `me...', Array, false)
#4 C:\laragon\www\rhu_backending\system\Model.php(319): CodeIgniter\Database\BaseBuilder->insert()
#5 C:\laragon\www\rhu_backending\system\BaseModel.php(788): CodeIgniter\Model->doInsert(Array)
#6 C:\laragon\www\rhu_backending\system\Model.php(715): CodeIgniter\BaseModel->insert(Array, false)
#7 C:\laragon\www\rhu_backending\system\BaseModel.php(698): CodeIgniter\Model->insert(Array, false)
#8 C:\laragon\www\rhu_backending\app\Controllers\AdminController.php(40): CodeIgniter\BaseModel->save(Array)
#9 C:\laragon\www\rhu_backending\system\CodeIgniter.php(919): App\Controllers\AdminController->newmedicine()
#10 C:\laragon\www\rhu_backending\system\CodeIgniter.php(494): CodeIgniter\CodeIgniter->runController(Object(App\Controllers\AdminController))
#11 C:\laragon\www\rhu_backending\system\CodeIgniter.php(353): CodeIgniter\CodeIgniter->handleRequest(NULL, Object(Config\Cache), false)
#12 C:\laragon\www\rhu_backending\public\index.php(86): CodeIgniter\CodeIgniter->run()
#13 {main}
CRITICAL - 2023-12-25 09:12:41 --> Column 'med_type' cannot be null
in SYSTEMPATH\Database\BaseConnection.php on line 646.
 1 SYSTEMPATH\Database\BaseBuilder.php(2308): CodeIgniter\Database\BaseConnection->query('INSERT INTO `medicines` (`ndc`, `med_name`, `med_type`, `stocks`, `expiry_date`, `status`) VALUES (:ndc:, :med_name:, :med_type:, :stocks:, :expiry_date:, :status:)', [...], false)
 2 SYSTEMPATH\Model.php(319): CodeIgniter\Database\BaseBuilder->insert()
 3 SYSTEMPATH\BaseModel.php(788): CodeIgniter\Model->doInsert([...])
 4 SYSTEMPATH\Model.php(715): CodeIgniter\BaseModel->insert([...], false)
 5 SYSTEMPATH\BaseModel.php(698): CodeIgniter\Model->insert([...], false)
 6 APPPATH\Controllers\AdminController.php(40): CodeIgniter\BaseModel->save([...])
 7 SYSTEMPATH\CodeIgniter.php(919): App\Controllers\AdminController->newmedicine()
 8 SYSTEMPATH\CodeIgniter.php(494): CodeIgniter\CodeIgniter->runController(Object(App\Controllers\AdminController))
 9 SYSTEMPATH\CodeIgniter.php(353): CodeIgniter\CodeIgniter->handleRequest(null, Object(Config\Cache), false)
10 FCPATH\index.php(86): CodeIgniter\CodeIgniter->run()
ERROR - 2023-12-25 09:14:36 --> mysqli_sql_exception: Column 'sex' cannot be null in C:\laragon\www\rhu_backending\system\Database\MySQLi\Connection.php:306
Stack trace:
#0 C:\laragon\www\rhu_backending\system\Database\MySQLi\Connection.php(306): mysqli->query('INSERT INTO `ap...', 0)
#1 C:\laragon\www\rhu_backending\system\Database\BaseConnection.php(692): CodeIgniter\Database\MySQLi\Connection->execute('INSERT INTO `ap...')
#2 C:\laragon\www\rhu_backending\system\Database\BaseConnection.php(606): CodeIgniter\Database\BaseConnection->simpleQuery('INSERT INTO `ap...')
#3 C:\laragon\www\rhu_backending\system\Database\BaseBuilder.php(2308): CodeIgniter\Database\BaseConnection->query('INSERT INTO `ap...', Array, false)
#4 C:\laragon\www\rhu_backending\system\Model.php(319): CodeIgniter\Database\BaseBuilder->insert()
#5 C:\laragon\www\rhu_backending\system\BaseModel.php(788): CodeIgniter\Model->doInsert(Array)
#6 C:\laragon\www\rhu_backending\system\Model.php(715): CodeIgniter\BaseModel->insert(Array, false)
#7 C:\laragon\www\rhu_backending\system\BaseModel.php(698): CodeIgniter\Model->insert(Array, false)
#8 C:\laragon\www\rhu_backending\app\Controllers\UserController.php(239): CodeIgniter\BaseModel->save(Array)
#9 C:\laragon\www\rhu_backending\system\CodeIgniter.php(919): App\Controllers\UserController->newpatient()
#10 C:\laragon\www\rhu_backending\system\CodeIgniter.php(494): CodeIgniter\CodeIgniter->runController(Object(App\Controllers\UserController))
#11 C:\laragon\www\rhu_backending\system\CodeIgniter.php(353): CodeIgniter\CodeIgniter->handleRequest(NULL, Object(Config\Cache), false)
#12 C:\laragon\www\rhu_backending\public\index.php(86): CodeIgniter\CodeIgniter->run()
#13 {main}
CRITICAL - 2023-12-25 09:14:36 --> Column 'sex' cannot be null
in SYSTEMPATH\Database\BaseConnection.php on line 646.
 1 SYSTEMPATH\Database\BaseBuilder.php(2308): CodeIgniter\Database\BaseConnection->query('INSERT INTO `appointments` (`first_name`, `last_name`, `birthdate`, `age`, `sex`, `contact_num`, `barangay`) VALUES (:first_name:, :last_name:, :birthdate:, :age:, :sex:, :contact_num:, :barangay:)', [...], false)
 2 SYSTEMPATH\Model.php(319): CodeIgniter\Database\BaseBuilder->insert()
 3 SYSTEMPATH\BaseModel.php(788): CodeIgniter\Model->doInsert([...])
 4 SYSTEMPATH\Model.php(715): CodeIgniter\BaseModel->insert([...], false)
 5 SYSTEMPATH\BaseModel.php(698): CodeIgniter\Model->insert([...], false)
 6 APPPATH\Controllers\UserController.php(239): CodeIgniter\BaseModel->save([...])
 7 SYSTEMPATH\CodeIgniter.php(919): App\Controllers\UserController->newpatient()
 8 SYSTEMPATH\CodeIgniter.php(494): CodeIgniter\CodeIgniter->runController(Object(App\Controllers\UserController))
 9 SYSTEMPATH\CodeIgniter.php(353): CodeIgniter\CodeIgniter->handleRequest(null, Object(Config\Cache), false)
10 FCPATH\index.php(86): CodeIgniter\CodeIgniter->run()
