ERROR - 2023-11-30 03:58:05 --> Error connecting to the database: mysqli_sql_exception: Access denied for user ''@'localhost' (using password: NO) in C:\laragon\www\rhu_backending\system\Database\MySQLi\Connection.php:185
Stack trace:
#0 C:\laragon\www\rhu_backending\system\Database\MySQLi\Connection.php(185): mysqli->real_connect('localhost', '', '', '', 3306, '', 0)
#1 C:\laragon\www\rhu_backending\system\Database\BaseConnection.php(391): CodeIgniter\Database\MySQLi\Connection->connect(false)
#2 C:\laragon\www\rhu_backending\system\Database\BaseConnection.php(574): CodeIgniter\Database\BaseConnection->initialize()
#3 C:\laragon\www\rhu_backending\system\Database\BaseBuilder.php(1615): CodeIgniter\Database\BaseConnection->query('SELECT *\nFROM `...', Array, false)
#4 C:\laragon\www\rhu_backending\system\Model.php(264): CodeIgniter\Database\BaseBuilder->get()
#5 C:\laragon\www\rhu_backending\system\BaseModel.php(662): CodeIgniter\Model->doFirst()
#6 C:\laragon\www\rhu_backending\app\Controllers\UserController.php(16): CodeIgniter\BaseModel->first()
#7 C:\laragon\www\rhu_backending\system\CodeIgniter.php(919): App\Controllers\UserController->login()
#8 C:\laragon\www\rhu_backending\system\CodeIgniter.php(494): CodeIgniter\CodeIgniter->runController(Object(App\Controllers\UserController))
#9 C:\laragon\www\rhu_backending\system\CodeIgniter.php(353): CodeIgniter\CodeIgniter->handleRequest(NULL, Object(Config\Cache), false)
#10 C:\laragon\www\rhu_backending\public\index.php(86): CodeIgniter\CodeIgniter->run()
#11 {main}

Next CodeIgniter\Database\Exceptions\DatabaseException: Access denied for user ''@'localhost' (using password: NO) in C:\laragon\www\rhu_backending\system\Database\MySQLi\Connection.php:229
Stack trace:
#0 C:\laragon\www\rhu_backending\system\Database\BaseConnection.php(391): CodeIgniter\Database\MySQLi\Connection->connect(false)
#1 C:\laragon\www\rhu_backending\system\Database\BaseConnection.php(574): CodeIgniter\Database\BaseConnection->initialize()
#2 C:\laragon\www\rhu_backending\system\Database\BaseBuilder.php(1615): CodeIgniter\Database\BaseConnection->query('SELECT *\nFROM `...', Array, false)
#3 C:\laragon\www\rhu_backending\system\Model.php(264): CodeIgniter\Database\BaseBuilder->get()
#4 C:\laragon\www\rhu_backending\system\BaseModel.php(662): CodeIgniter\Model->doFirst()
#5 C:\laragon\www\rhu_backending\app\Controllers\UserController.php(16): CodeIgniter\BaseModel->first()
#6 C:\laragon\www\rhu_backending\system\CodeIgniter.php(919): App\Controllers\UserController->login()
#7 C:\laragon\www\rhu_backending\system\CodeIgniter.php(494): CodeIgniter\CodeIgniter->runController(Object(App\Controllers\UserController))
#8 C:\laragon\www\rhu_backending\system\CodeIgniter.php(353): CodeIgniter\CodeIgniter->handleRequest(NULL, Object(Config\Cache), false)
#9 C:\laragon\www\rhu_backending\public\index.php(86): CodeIgniter\CodeIgniter->run()
#10 {main}
CRITICAL - 2023-11-30 03:58:05 --> Unable to connect to the database.
Main connection [MySQLi]: Access denied for user ''@'localhost' (using password: NO)
in SYSTEMPATH\Database\BaseConnection.php on line 427.
 1 SYSTEMPATH\Database\BaseConnection.php(574): CodeIgniter\Database\BaseConnection->initialize()
 2 SYSTEMPATH\Database\BaseBuilder.php(1615): CodeIgniter\Database\BaseConnection->query('SELECT *
FROM `users`
WHERE `username` IS NULL
 LIMIT 1', [], false)
 3 SYSTEMPATH\Model.php(264): CodeIgniter\Database\BaseBuilder->get()
 4 SYSTEMPATH\BaseModel.php(662): CodeIgniter\Model->doFirst()
 5 APPPATH\Controllers\UserController.php(16): CodeIgniter\BaseModel->first()
 6 SYSTEMPATH\CodeIgniter.php(919): App\Controllers\UserController->login()
 7 SYSTEMPATH\CodeIgniter.php(494): CodeIgniter\CodeIgniter->runController(Object(App\Controllers\UserController))
 8 SYSTEMPATH\CodeIgniter.php(353): CodeIgniter\CodeIgniter->handleRequest(null, Object(Config\Cache), false)
 9 FCPATH\index.php(86): CodeIgniter\CodeIgniter->run()
ERROR - 2023-11-30 03:58:39 --> Error connecting to the database: mysqli_sql_exception: Access denied for user ''@'localhost' (using password: NO) in C:\laragon\www\rhu_backending\system\Database\MySQLi\Connection.php:185
Stack trace:
#0 C:\laragon\www\rhu_backending\system\Database\MySQLi\Connection.php(185): mysqli->real_connect('localhost', '', '', '', 3306, '', 0)
#1 C:\laragon\www\rhu_backending\system\Database\BaseConnection.php(391): CodeIgniter\Database\MySQLi\Connection->connect(false)
#2 C:\laragon\www\rhu_backending\system\Database\BaseConnection.php(574): CodeIgniter\Database\BaseConnection->initialize()
#3 C:\laragon\www\rhu_backending\system\Database\BaseBuilder.php(1615): CodeIgniter\Database\BaseConnection->query('SELECT *\nFROM `...', Array, false)
#4 C:\laragon\www\rhu_backending\system\Model.php(264): CodeIgniter\Database\BaseBuilder->get()
#5 C:\laragon\www\rhu_backending\system\BaseModel.php(662): CodeIgniter\Model->doFirst()
#6 C:\laragon\www\rhu_backending\app\Controllers\UserController.php(16): CodeIgniter\BaseModel->first()
#7 C:\laragon\www\rhu_backending\system\CodeIgniter.php(919): App\Controllers\UserController->login()
#8 C:\laragon\www\rhu_backending\system\CodeIgniter.php(494): CodeIgniter\CodeIgniter->runController(Object(App\Controllers\UserController))
#9 C:\laragon\www\rhu_backending\system\CodeIgniter.php(353): CodeIgniter\CodeIgniter->handleRequest(NULL, Object(Config\Cache), false)
#10 C:\laragon\www\rhu_backending\public\index.php(86): CodeIgniter\CodeIgniter->run()
#11 {main}

Next CodeIgniter\Database\Exceptions\DatabaseException: Access denied for user ''@'localhost' (using password: NO) in C:\laragon\www\rhu_backending\system\Database\MySQLi\Connection.php:229
Stack trace:
#0 C:\laragon\www\rhu_backending\system\Database\BaseConnection.php(391): CodeIgniter\Database\MySQLi\Connection->connect(false)
#1 C:\laragon\www\rhu_backending\system\Database\BaseConnection.php(574): CodeIgniter\Database\BaseConnection->initialize()
#2 C:\laragon\www\rhu_backending\system\Database\BaseBuilder.php(1615): CodeIgniter\Database\BaseConnection->query('SELECT *\nFROM `...', Array, false)
#3 C:\laragon\www\rhu_backending\system\Model.php(264): CodeIgniter\Database\BaseBuilder->get()
#4 C:\laragon\www\rhu_backending\system\BaseModel.php(662): CodeIgniter\Model->doFirst()
#5 C:\laragon\www\rhu_backending\app\Controllers\UserController.php(16): CodeIgniter\BaseModel->first()
#6 C:\laragon\www\rhu_backending\system\CodeIgniter.php(919): App\Controllers\UserController->login()
#7 C:\laragon\www\rhu_backending\system\CodeIgniter.php(494): CodeIgniter\CodeIgniter->runController(Object(App\Controllers\UserController))
#8 C:\laragon\www\rhu_backending\system\CodeIgniter.php(353): CodeIgniter\CodeIgniter->handleRequest(NULL, Object(Config\Cache), false)
#9 C:\laragon\www\rhu_backending\public\index.php(86): CodeIgniter\CodeIgniter->run()
#10 {main}
CRITICAL - 2023-11-30 03:58:39 --> Unable to connect to the database.
Main connection [MySQLi]: Access denied for user ''@'localhost' (using password: NO)
in SYSTEMPATH\Database\BaseConnection.php on line 427.
 1 SYSTEMPATH\Database\BaseConnection.php(574): CodeIgniter\Database\BaseConnection->initialize()
 2 SYSTEMPATH\Database\BaseBuilder.php(1615): CodeIgniter\Database\BaseConnection->query('SELECT *
FROM `users`
WHERE `username` IS NULL
 LIMIT 1', [], false)
 3 SYSTEMPATH\Model.php(264): CodeIgniter\Database\BaseBuilder->get()
 4 SYSTEMPATH\BaseModel.php(662): CodeIgniter\Model->doFirst()
 5 APPPATH\Controllers\UserController.php(16): CodeIgniter\BaseModel->first()
 6 SYSTEMPATH\CodeIgniter.php(919): App\Controllers\UserController->login()
 7 SYSTEMPATH\CodeIgniter.php(494): CodeIgniter\CodeIgniter->runController(Object(App\Controllers\UserController))
 8 SYSTEMPATH\CodeIgniter.php(353): CodeIgniter\CodeIgniter->handleRequest(null, Object(Config\Cache), false)
 9 FCPATH\index.php(86): CodeIgniter\CodeIgniter->run()
ERROR - 2023-11-30 03:58:40 --> Error connecting to the database: mysqli_sql_exception: Access denied for user ''@'localhost' (using password: NO) in C:\laragon\www\rhu_backending\system\Database\MySQLi\Connection.php:185
Stack trace:
#0 C:\laragon\www\rhu_backending\system\Database\MySQLi\Connection.php(185): mysqli->real_connect('localhost', '', '', '', 3306, '', 0)
#1 C:\laragon\www\rhu_backending\system\Database\BaseConnection.php(391): CodeIgniter\Database\MySQLi\Connection->connect(false)
#2 C:\laragon\www\rhu_backending\system\Database\BaseConnection.php(574): CodeIgniter\Database\BaseConnection->initialize()
#3 C:\laragon\www\rhu_backending\system\Database\BaseBuilder.php(1615): CodeIgniter\Database\BaseConnection->query('SELECT *\nFROM `...', Array, false)
#4 C:\laragon\www\rhu_backending\system\Model.php(264): CodeIgniter\Database\BaseBuilder->get()
#5 C:\laragon\www\rhu_backending\system\BaseModel.php(662): CodeIgniter\Model->doFirst()
#6 C:\laragon\www\rhu_backending\app\Controllers\UserController.php(16): CodeIgniter\BaseModel->first()
#7 C:\laragon\www\rhu_backending\system\CodeIgniter.php(919): App\Controllers\UserController->login()
#8 C:\laragon\www\rhu_backending\system\CodeIgniter.php(494): CodeIgniter\CodeIgniter->runController(Object(App\Controllers\UserController))
#9 C:\laragon\www\rhu_backending\system\CodeIgniter.php(353): CodeIgniter\CodeIgniter->handleRequest(NULL, Object(Config\Cache), false)
#10 C:\laragon\www\rhu_backending\public\index.php(86): CodeIgniter\CodeIgniter->run()
#11 {main}

Next CodeIgniter\Database\Exceptions\DatabaseException: Access denied for user ''@'localhost' (using password: NO) in C:\laragon\www\rhu_backending\system\Database\MySQLi\Connection.php:229
Stack trace:
#0 C:\laragon\www\rhu_backending\system\Database\BaseConnection.php(391): CodeIgniter\Database\MySQLi\Connection->connect(false)
#1 C:\laragon\www\rhu_backending\system\Database\BaseConnection.php(574): CodeIgniter\Database\BaseConnection->initialize()
#2 C:\laragon\www\rhu_backending\system\Database\BaseBuilder.php(1615): CodeIgniter\Database\BaseConnection->query('SELECT *\nFROM `...', Array, false)
#3 C:\laragon\www\rhu_backending\system\Model.php(264): CodeIgniter\Database\BaseBuilder->get()
#4 C:\laragon\www\rhu_backending\system\BaseModel.php(662): CodeIgniter\Model->doFirst()
#5 C:\laragon\www\rhu_backending\app\Controllers\UserController.php(16): CodeIgniter\BaseModel->first()
#6 C:\laragon\www\rhu_backending\system\CodeIgniter.php(919): App\Controllers\UserController->login()
#7 C:\laragon\www\rhu_backending\system\CodeIgniter.php(494): CodeIgniter\CodeIgniter->runController(Object(App\Controllers\UserController))
#8 C:\laragon\www\rhu_backending\system\CodeIgniter.php(353): CodeIgniter\CodeIgniter->handleRequest(NULL, Object(Config\Cache), false)
#9 C:\laragon\www\rhu_backending\public\index.php(86): CodeIgniter\CodeIgniter->run()
#10 {main}
CRITICAL - 2023-11-30 03:58:40 --> Unable to connect to the database.
Main connection [MySQLi]: Access denied for user ''@'localhost' (using password: NO)
in SYSTEMPATH\Database\BaseConnection.php on line 427.
 1 SYSTEMPATH\Database\BaseConnection.php(574): CodeIgniter\Database\BaseConnection->initialize()
 2 SYSTEMPATH\Database\BaseBuilder.php(1615): CodeIgniter\Database\BaseConnection->query('SELECT *
FROM `users`
WHERE `username` IS NULL
 LIMIT 1', [], false)
 3 SYSTEMPATH\Model.php(264): CodeIgniter\Database\BaseBuilder->get()
 4 SYSTEMPATH\BaseModel.php(662): CodeIgniter\Model->doFirst()
 5 APPPATH\Controllers\UserController.php(16): CodeIgniter\BaseModel->first()
 6 SYSTEMPATH\CodeIgniter.php(919): App\Controllers\UserController->login()
 7 SYSTEMPATH\CodeIgniter.php(494): CodeIgniter\CodeIgniter->runController(Object(App\Controllers\UserController))
 8 SYSTEMPATH\CodeIgniter.php(353): CodeIgniter\CodeIgniter->handleRequest(null, Object(Config\Cache), false)
 9 FCPATH\index.php(86): CodeIgniter\CodeIgniter->run()
ERROR - 2023-11-30 03:58:41 --> Error connecting to the database: mysqli_sql_exception: Access denied for user ''@'localhost' (using password: NO) in C:\laragon\www\rhu_backending\system\Database\MySQLi\Connection.php:185
Stack trace:
#0 C:\laragon\www\rhu_backending\system\Database\MySQLi\Connection.php(185): mysqli->real_connect('localhost', '', '', '', 3306, '', 0)
#1 C:\laragon\www\rhu_backending\system\Database\BaseConnection.php(391): CodeIgniter\Database\MySQLi\Connection->connect(false)
#2 C:\laragon\www\rhu_backending\system\Database\BaseConnection.php(574): CodeIgniter\Database\BaseConnection->initialize()
#3 C:\laragon\www\rhu_backending\system\Database\BaseBuilder.php(1615): CodeIgniter\Database\BaseConnection->query('SELECT *\nFROM `...', Array, false)
#4 C:\laragon\www\rhu_backending\system\Model.php(264): CodeIgniter\Database\BaseBuilder->get()
#5 C:\laragon\www\rhu_backending\system\BaseModel.php(662): CodeIgniter\Model->doFirst()
#6 C:\laragon\www\rhu_backending\app\Controllers\UserController.php(16): CodeIgniter\BaseModel->first()
#7 C:\laragon\www\rhu_backending\system\CodeIgniter.php(919): App\Controllers\UserController->login()
#8 C:\laragon\www\rhu_backending\system\CodeIgniter.php(494): CodeIgniter\CodeIgniter->runController(Object(App\Controllers\UserController))
#9 C:\laragon\www\rhu_backending\system\CodeIgniter.php(353): CodeIgniter\CodeIgniter->handleRequest(NULL, Object(Config\Cache), false)
#10 C:\laragon\www\rhu_backending\public\index.php(86): CodeIgniter\CodeIgniter->run()
#11 {main}

Next CodeIgniter\Database\Exceptions\DatabaseException: Access denied for user ''@'localhost' (using password: NO) in C:\laragon\www\rhu_backending\system\Database\MySQLi\Connection.php:229
Stack trace:
#0 C:\laragon\www\rhu_backending\system\Database\BaseConnection.php(391): CodeIgniter\Database\MySQLi\Connection->connect(false)
#1 C:\laragon\www\rhu_backending\system\Database\BaseConnection.php(574): CodeIgniter\Database\BaseConnection->initialize()
#2 C:\laragon\www\rhu_backending\system\Database\BaseBuilder.php(1615): CodeIgniter\Database\BaseConnection->query('SELECT *\nFROM `...', Array, false)
#3 C:\laragon\www\rhu_backending\system\Model.php(264): CodeIgniter\Database\BaseBuilder->get()
#4 C:\laragon\www\rhu_backending\system\BaseModel.php(662): CodeIgniter\Model->doFirst()
#5 C:\laragon\www\rhu_backending\app\Controllers\UserController.php(16): CodeIgniter\BaseModel->first()
#6 C:\laragon\www\rhu_backending\system\CodeIgniter.php(919): App\Controllers\UserController->login()
#7 C:\laragon\www\rhu_backending\system\CodeIgniter.php(494): CodeIgniter\CodeIgniter->runController(Object(App\Controllers\UserController))
#8 C:\laragon\www\rhu_backending\system\CodeIgniter.php(353): CodeIgniter\CodeIgniter->handleRequest(NULL, Object(Config\Cache), false)
#9 C:\laragon\www\rhu_backending\public\index.php(86): CodeIgniter\CodeIgniter->run()
#10 {main}
CRITICAL - 2023-11-30 03:58:41 --> Unable to connect to the database.
Main connection [MySQLi]: Access denied for user ''@'localhost' (using password: NO)
in SYSTEMPATH\Database\BaseConnection.php on line 427.
 1 SYSTEMPATH\Database\BaseConnection.php(574): CodeIgniter\Database\BaseConnection->initialize()
 2 SYSTEMPATH\Database\BaseBuilder.php(1615): CodeIgniter\Database\BaseConnection->query('SELECT *
FROM `users`
WHERE `username` IS NULL
 LIMIT 1', [], false)
 3 SYSTEMPATH\Model.php(264): CodeIgniter\Database\BaseBuilder->get()
 4 SYSTEMPATH\BaseModel.php(662): CodeIgniter\Model->doFirst()
 5 APPPATH\Controllers\UserController.php(16): CodeIgniter\BaseModel->first()
 6 SYSTEMPATH\CodeIgniter.php(919): App\Controllers\UserController->login()
 7 SYSTEMPATH\CodeIgniter.php(494): CodeIgniter\CodeIgniter->runController(Object(App\Controllers\UserController))
 8 SYSTEMPATH\CodeIgniter.php(353): CodeIgniter\CodeIgniter->handleRequest(null, Object(Config\Cache), false)
 9 FCPATH\index.php(86): CodeIgniter\CodeIgniter->run()
ERROR - 2023-11-30 03:58:41 --> Error connecting to the database: mysqli_sql_exception: Access denied for user ''@'localhost' (using password: NO) in C:\laragon\www\rhu_backending\system\Database\MySQLi\Connection.php:185
Stack trace:
#0 C:\laragon\www\rhu_backending\system\Database\MySQLi\Connection.php(185): mysqli->real_connect('localhost', '', '', '', 3306, '', 0)
#1 C:\laragon\www\rhu_backending\system\Database\BaseConnection.php(391): CodeIgniter\Database\MySQLi\Connection->connect(false)
#2 C:\laragon\www\rhu_backending\system\Database\BaseConnection.php(574): CodeIgniter\Database\BaseConnection->initialize()
#3 C:\laragon\www\rhu_backending\system\Database\BaseBuilder.php(1615): CodeIgniter\Database\BaseConnection->query('SELECT *\nFROM `...', Array, false)
#4 C:\laragon\www\rhu_backending\system\Model.php(264): CodeIgniter\Database\BaseBuilder->get()
#5 C:\laragon\www\rhu_backending\system\BaseModel.php(662): CodeIgniter\Model->doFirst()
#6 C:\laragon\www\rhu_backending\app\Controllers\UserController.php(16): CodeIgniter\BaseModel->first()
#7 C:\laragon\www\rhu_backending\system\CodeIgniter.php(919): App\Controllers\UserController->login()
#8 C:\laragon\www\rhu_backending\system\CodeIgniter.php(494): CodeIgniter\CodeIgniter->runController(Object(App\Controllers\UserController))
#9 C:\laragon\www\rhu_backending\system\CodeIgniter.php(353): CodeIgniter\CodeIgniter->handleRequest(NULL, Object(Config\Cache), false)
#10 C:\laragon\www\rhu_backending\public\index.php(86): CodeIgniter\CodeIgniter->run()
#11 {main}

Next CodeIgniter\Database\Exceptions\DatabaseException: Access denied for user ''@'localhost' (using password: NO) in C:\laragon\www\rhu_backending\system\Database\MySQLi\Connection.php:229
Stack trace:
#0 C:\laragon\www\rhu_backending\system\Database\BaseConnection.php(391): CodeIgniter\Database\MySQLi\Connection->connect(false)
#1 C:\laragon\www\rhu_backending\system\Database\BaseConnection.php(574): CodeIgniter\Database\BaseConnection->initialize()
#2 C:\laragon\www\rhu_backending\system\Database\BaseBuilder.php(1615): CodeIgniter\Database\BaseConnection->query('SELECT *\nFROM `...', Array, false)
#3 C:\laragon\www\rhu_backending\system\Model.php(264): CodeIgniter\Database\BaseBuilder->get()
#4 C:\laragon\www\rhu_backending\system\BaseModel.php(662): CodeIgniter\Model->doFirst()
#5 C:\laragon\www\rhu_backending\app\Controllers\UserController.php(16): CodeIgniter\BaseModel->first()
#6 C:\laragon\www\rhu_backending\system\CodeIgniter.php(919): App\Controllers\UserController->login()
#7 C:\laragon\www\rhu_backending\system\CodeIgniter.php(494): CodeIgniter\CodeIgniter->runController(Object(App\Controllers\UserController))
#8 C:\laragon\www\rhu_backending\system\CodeIgniter.php(353): CodeIgniter\CodeIgniter->handleRequest(NULL, Object(Config\Cache), false)
#9 C:\laragon\www\rhu_backending\public\index.php(86): CodeIgniter\CodeIgniter->run()
#10 {main}
CRITICAL - 2023-11-30 03:58:41 --> Unable to connect to the database.
Main connection [MySQLi]: Access denied for user ''@'localhost' (using password: NO)
in SYSTEMPATH\Database\BaseConnection.php on line 427.
 1 SYSTEMPATH\Database\BaseConnection.php(574): CodeIgniter\Database\BaseConnection->initialize()
 2 SYSTEMPATH\Database\BaseBuilder.php(1615): CodeIgniter\Database\BaseConnection->query('SELECT *
FROM `users`
WHERE `username` IS NULL
 LIMIT 1', [], false)
 3 SYSTEMPATH\Model.php(264): CodeIgniter\Database\BaseBuilder->get()
 4 SYSTEMPATH\BaseModel.php(662): CodeIgniter\Model->doFirst()
 5 APPPATH\Controllers\UserController.php(16): CodeIgniter\BaseModel->first()
 6 SYSTEMPATH\CodeIgniter.php(919): App\Controllers\UserController->login()
 7 SYSTEMPATH\CodeIgniter.php(494): CodeIgniter\CodeIgniter->runController(Object(App\Controllers\UserController))
 8 SYSTEMPATH\CodeIgniter.php(353): CodeIgniter\CodeIgniter->handleRequest(null, Object(Config\Cache), false)
 9 FCPATH\index.php(86): CodeIgniter\CodeIgniter->run()
ERROR - 2023-11-30 03:58:42 --> Error connecting to the database: mysqli_sql_exception: Access denied for user ''@'localhost' (using password: NO) in C:\laragon\www\rhu_backending\system\Database\MySQLi\Connection.php:185
Stack trace:
#0 C:\laragon\www\rhu_backending\system\Database\MySQLi\Connection.php(185): mysqli->real_connect('localhost', '', '', '', 3306, '', 0)
#1 C:\laragon\www\rhu_backending\system\Database\BaseConnection.php(391): CodeIgniter\Database\MySQLi\Connection->connect(false)
#2 C:\laragon\www\rhu_backending\system\Database\BaseConnection.php(574): CodeIgniter\Database\BaseConnection->initialize()
#3 C:\laragon\www\rhu_backending\system\Database\BaseBuilder.php(1615): CodeIgniter\Database\BaseConnection->query('SELECT *\nFROM `...', Array, false)
#4 C:\laragon\www\rhu_backending\system\Model.php(264): CodeIgniter\Database\BaseBuilder->get()
#5 C:\laragon\www\rhu_backending\system\BaseModel.php(662): CodeIgniter\Model->doFirst()
#6 C:\laragon\www\rhu_backending\app\Controllers\UserController.php(16): CodeIgniter\BaseModel->first()
#7 C:\laragon\www\rhu_backending\system\CodeIgniter.php(919): App\Controllers\UserController->login()
#8 C:\laragon\www\rhu_backending\system\CodeIgniter.php(494): CodeIgniter\CodeIgniter->runController(Object(App\Controllers\UserController))
#9 C:\laragon\www\rhu_backending\system\CodeIgniter.php(353): CodeIgniter\CodeIgniter->handleRequest(NULL, Object(Config\Cache), false)
#10 C:\laragon\www\rhu_backending\public\index.php(86): CodeIgniter\CodeIgniter->run()
#11 {main}

Next CodeIgniter\Database\Exceptions\DatabaseException: Access denied for user ''@'localhost' (using password: NO) in C:\laragon\www\rhu_backending\system\Database\MySQLi\Connection.php:229
Stack trace:
#0 C:\laragon\www\rhu_backending\system\Database\BaseConnection.php(391): CodeIgniter\Database\MySQLi\Connection->connect(false)
#1 C:\laragon\www\rhu_backending\system\Database\BaseConnection.php(574): CodeIgniter\Database\BaseConnection->initialize()
#2 C:\laragon\www\rhu_backending\system\Database\BaseBuilder.php(1615): CodeIgniter\Database\BaseConnection->query('SELECT *\nFROM `...', Array, false)
#3 C:\laragon\www\rhu_backending\system\Model.php(264): CodeIgniter\Database\BaseBuilder->get()
#4 C:\laragon\www\rhu_backending\system\BaseModel.php(662): CodeIgniter\Model->doFirst()
#5 C:\laragon\www\rhu_backending\app\Controllers\UserController.php(16): CodeIgniter\BaseModel->first()
#6 C:\laragon\www\rhu_backending\system\CodeIgniter.php(919): App\Controllers\UserController->login()
#7 C:\laragon\www\rhu_backending\system\CodeIgniter.php(494): CodeIgniter\CodeIgniter->runController(Object(App\Controllers\UserController))
#8 C:\laragon\www\rhu_backending\system\CodeIgniter.php(353): CodeIgniter\CodeIgniter->handleRequest(NULL, Object(Config\Cache), false)
#9 C:\laragon\www\rhu_backending\public\index.php(86): CodeIgniter\CodeIgniter->run()
#10 {main}
CRITICAL - 2023-11-30 03:58:42 --> Unable to connect to the database.
Main connection [MySQLi]: Access denied for user ''@'localhost' (using password: NO)
in SYSTEMPATH\Database\BaseConnection.php on line 427.
 1 SYSTEMPATH\Database\BaseConnection.php(574): CodeIgniter\Database\BaseConnection->initialize()
 2 SYSTEMPATH\Database\BaseBuilder.php(1615): CodeIgniter\Database\BaseConnection->query('SELECT *
FROM `users`
WHERE `username` IS NULL
 LIMIT 1', [], false)
 3 SYSTEMPATH\Model.php(264): CodeIgniter\Database\BaseBuilder->get()
 4 SYSTEMPATH\BaseModel.php(662): CodeIgniter\Model->doFirst()
 5 APPPATH\Controllers\UserController.php(16): CodeIgniter\BaseModel->first()
 6 SYSTEMPATH\CodeIgniter.php(919): App\Controllers\UserController->login()
 7 SYSTEMPATH\CodeIgniter.php(494): CodeIgniter\CodeIgniter->runController(Object(App\Controllers\UserController))
 8 SYSTEMPATH\CodeIgniter.php(353): CodeIgniter\CodeIgniter->handleRequest(null, Object(Config\Cache), false)
 9 FCPATH\index.php(86): CodeIgniter\CodeIgniter->run()
ERROR - 2023-11-30 04:00:44 --> Error connecting to the database: mysqli_sql_exception: Access denied for user ''@'localhost' (using password: NO) in C:\laragon\www\rhu_backending\system\Database\MySQLi\Connection.php:185
Stack trace:
#0 C:\laragon\www\rhu_backending\system\Database\MySQLi\Connection.php(185): mysqli->real_connect('localhost', '', '', '', 3306, '', 0)
#1 C:\laragon\www\rhu_backending\system\Database\BaseConnection.php(391): CodeIgniter\Database\MySQLi\Connection->connect(false)
#2 C:\laragon\www\rhu_backending\system\Database\BaseConnection.php(574): CodeIgniter\Database\BaseConnection->initialize()
#3 C:\laragon\www\rhu_backending\system\Database\BaseBuilder.php(1615): CodeIgniter\Database\BaseConnection->query('SELECT *\nFROM `...', Array, false)
#4 C:\laragon\www\rhu_backending\system\Model.php(264): CodeIgniter\Database\BaseBuilder->get()
#5 C:\laragon\www\rhu_backending\system\BaseModel.php(662): CodeIgniter\Model->doFirst()
#6 C:\laragon\www\rhu_backending\app\Controllers\UserController.php(16): CodeIgniter\BaseModel->first()
#7 C:\laragon\www\rhu_backending\system\CodeIgniter.php(919): App\Controllers\UserController->login()
#8 C:\laragon\www\rhu_backending\system\CodeIgniter.php(494): CodeIgniter\CodeIgniter->runController(Object(App\Controllers\UserController))
#9 C:\laragon\www\rhu_backending\system\CodeIgniter.php(353): CodeIgniter\CodeIgniter->handleRequest(NULL, Object(Config\Cache), false)
#10 C:\laragon\www\rhu_backending\public\index.php(86): CodeIgniter\CodeIgniter->run()
#11 {main}

Next CodeIgniter\Database\Exceptions\DatabaseException: Access denied for user ''@'localhost' (using password: NO) in C:\laragon\www\rhu_backending\system\Database\MySQLi\Connection.php:229
Stack trace:
#0 C:\laragon\www\rhu_backending\system\Database\BaseConnection.php(391): CodeIgniter\Database\MySQLi\Connection->connect(false)
#1 C:\laragon\www\rhu_backending\system\Database\BaseConnection.php(574): CodeIgniter\Database\BaseConnection->initialize()
#2 C:\laragon\www\rhu_backending\system\Database\BaseBuilder.php(1615): CodeIgniter\Database\BaseConnection->query('SELECT *\nFROM `...', Array, false)
#3 C:\laragon\www\rhu_backending\system\Model.php(264): CodeIgniter\Database\BaseBuilder->get()
#4 C:\laragon\www\rhu_backending\system\BaseModel.php(662): CodeIgniter\Model->doFirst()
#5 C:\laragon\www\rhu_backending\app\Controllers\UserController.php(16): CodeIgniter\BaseModel->first()
#6 C:\laragon\www\rhu_backending\system\CodeIgniter.php(919): App\Controllers\UserController->login()
#7 C:\laragon\www\rhu_backending\system\CodeIgniter.php(494): CodeIgniter\CodeIgniter->runController(Object(App\Controllers\UserController))
#8 C:\laragon\www\rhu_backending\system\CodeIgniter.php(353): CodeIgniter\CodeIgniter->handleRequest(NULL, Object(Config\Cache), false)
#9 C:\laragon\www\rhu_backending\public\index.php(86): CodeIgniter\CodeIgniter->run()
#10 {main}
CRITICAL - 2023-11-30 04:00:44 --> Unable to connect to the database.
Main connection [MySQLi]: Access denied for user ''@'localhost' (using password: NO)
in SYSTEMPATH\Database\BaseConnection.php on line 427.
 1 SYSTEMPATH\Database\BaseConnection.php(574): CodeIgniter\Database\BaseConnection->initialize()
 2 SYSTEMPATH\Database\BaseBuilder.php(1615): CodeIgniter\Database\BaseConnection->query('SELECT *
FROM `users`
WHERE `username` IS NULL
 LIMIT 1', [], false)
 3 SYSTEMPATH\Model.php(264): CodeIgniter\Database\BaseBuilder->get()
 4 SYSTEMPATH\BaseModel.php(662): CodeIgniter\Model->doFirst()
 5 APPPATH\Controllers\UserController.php(16): CodeIgniter\BaseModel->first()
 6 SYSTEMPATH\CodeIgniter.php(919): App\Controllers\UserController->login()
 7 SYSTEMPATH\CodeIgniter.php(494): CodeIgniter\CodeIgniter->runController(Object(App\Controllers\UserController))
 8 SYSTEMPATH\CodeIgniter.php(353): CodeIgniter\CodeIgniter->handleRequest(null, Object(Config\Cache), false)
 9 FCPATH\index.php(86): CodeIgniter\CodeIgniter->run()
ERROR - 2023-11-30 04:01:44 --> Error connecting to the database: mysqli_sql_exception: Access denied for user ''@'localhost' (using password: NO) in C:\laragon\www\rhu_backending\system\Database\MySQLi\Connection.php:185
Stack trace:
#0 C:\laragon\www\rhu_backending\system\Database\MySQLi\Connection.php(185): mysqli->real_connect('localhost', '', '', '', 3306, '', 0)
#1 C:\laragon\www\rhu_backending\system\Database\BaseConnection.php(391): CodeIgniter\Database\MySQLi\Connection->connect(false)
#2 C:\laragon\www\rhu_backending\system\Database\BaseConnection.php(574): CodeIgniter\Database\BaseConnection->initialize()
#3 C:\laragon\www\rhu_backending\system\Database\BaseBuilder.php(1615): CodeIgniter\Database\BaseConnection->query('SELECT *\nFROM `...', Array, false)
#4 C:\laragon\www\rhu_backending\system\Model.php(264): CodeIgniter\Database\BaseBuilder->get()
#5 C:\laragon\www\rhu_backending\system\BaseModel.php(662): CodeIgniter\Model->doFirst()
#6 C:\laragon\www\rhu_backending\app\Controllers\UserController.php(16): CodeIgniter\BaseModel->first()
#7 C:\laragon\www\rhu_backending\system\CodeIgniter.php(919): App\Controllers\UserController->login()
#8 C:\laragon\www\rhu_backending\system\CodeIgniter.php(494): CodeIgniter\CodeIgniter->runController(Object(App\Controllers\UserController))
#9 C:\laragon\www\rhu_backending\system\CodeIgniter.php(353): CodeIgniter\CodeIgniter->handleRequest(NULL, Object(Config\Cache), false)
#10 C:\laragon\www\rhu_backending\public\index.php(86): CodeIgniter\CodeIgniter->run()
#11 {main}

Next CodeIgniter\Database\Exceptions\DatabaseException: Access denied for user ''@'localhost' (using password: NO) in C:\laragon\www\rhu_backending\system\Database\MySQLi\Connection.php:229
Stack trace:
#0 C:\laragon\www\rhu_backending\system\Database\BaseConnection.php(391): CodeIgniter\Database\MySQLi\Connection->connect(false)
#1 C:\laragon\www\rhu_backending\system\Database\BaseConnection.php(574): CodeIgniter\Database\BaseConnection->initialize()
#2 C:\laragon\www\rhu_backending\system\Database\BaseBuilder.php(1615): CodeIgniter\Database\BaseConnection->query('SELECT *\nFROM `...', Array, false)
#3 C:\laragon\www\rhu_backending\system\Model.php(264): CodeIgniter\Database\BaseBuilder->get()
#4 C:\laragon\www\rhu_backending\system\BaseModel.php(662): CodeIgniter\Model->doFirst()
#5 C:\laragon\www\rhu_backending\app\Controllers\UserController.php(16): CodeIgniter\BaseModel->first()
#6 C:\laragon\www\rhu_backending\system\CodeIgniter.php(919): App\Controllers\UserController->login()
#7 C:\laragon\www\rhu_backending\system\CodeIgniter.php(494): CodeIgniter\CodeIgniter->runController(Object(App\Controllers\UserController))
#8 C:\laragon\www\rhu_backending\system\CodeIgniter.php(353): CodeIgniter\CodeIgniter->handleRequest(NULL, Object(Config\Cache), false)
#9 C:\laragon\www\rhu_backending\public\index.php(86): CodeIgniter\CodeIgniter->run()
#10 {main}
CRITICAL - 2023-11-30 04:01:44 --> Unable to connect to the database.
Main connection [MySQLi]: Access denied for user ''@'localhost' (using password: NO)
in SYSTEMPATH\Database\BaseConnection.php on line 427.
 1 SYSTEMPATH\Database\BaseConnection.php(574): CodeIgniter\Database\BaseConnection->initialize()
 2 SYSTEMPATH\Database\BaseBuilder.php(1615): CodeIgniter\Database\BaseConnection->query('SELECT *
FROM `users`
WHERE `username` IS NULL
 LIMIT 1', [], false)
 3 SYSTEMPATH\Model.php(264): CodeIgniter\Database\BaseBuilder->get()
 4 SYSTEMPATH\BaseModel.php(662): CodeIgniter\Model->doFirst()
 5 APPPATH\Controllers\UserController.php(16): CodeIgniter\BaseModel->first()
 6 SYSTEMPATH\CodeIgniter.php(919): App\Controllers\UserController->login()
 7 SYSTEMPATH\CodeIgniter.php(494): CodeIgniter\CodeIgniter->runController(Object(App\Controllers\UserController))
 8 SYSTEMPATH\CodeIgniter.php(353): CodeIgniter\CodeIgniter->handleRequest(null, Object(Config\Cache), false)
 9 FCPATH\index.php(86): CodeIgniter\CodeIgniter->run()
ERROR - 2023-11-30 04:02:07 --> Error connecting to the database: mysqli_sql_exception: Access denied for user ''@'localhost' (using password: NO) in C:\laragon\www\rhu_backending\system\Database\MySQLi\Connection.php:185
Stack trace:
#0 C:\laragon\www\rhu_backending\system\Database\MySQLi\Connection.php(185): mysqli->real_connect('localhost', '', '', '', 3306, '', 0)
#1 C:\laragon\www\rhu_backending\system\Database\BaseConnection.php(391): CodeIgniter\Database\MySQLi\Connection->connect(false)
#2 C:\laragon\www\rhu_backending\system\Database\BaseConnection.php(574): CodeIgniter\Database\BaseConnection->initialize()
#3 C:\laragon\www\rhu_backending\system\Database\BaseBuilder.php(1615): CodeIgniter\Database\BaseConnection->query('SELECT *\nFROM `...', Array, false)
#4 C:\laragon\www\rhu_backending\system\Model.php(264): CodeIgniter\Database\BaseBuilder->get()
#5 C:\laragon\www\rhu_backending\system\BaseModel.php(662): CodeIgniter\Model->doFirst()
#6 C:\laragon\www\rhu_backending\app\Controllers\UserController.php(16): CodeIgniter\BaseModel->first()
#7 C:\laragon\www\rhu_backending\system\CodeIgniter.php(919): App\Controllers\UserController->login()
#8 C:\laragon\www\rhu_backending\system\CodeIgniter.php(494): CodeIgniter\CodeIgniter->runController(Object(App\Controllers\UserController))
#9 C:\laragon\www\rhu_backending\system\CodeIgniter.php(353): CodeIgniter\CodeIgniter->handleRequest(NULL, Object(Config\Cache), false)
#10 C:\laragon\www\rhu_backending\public\index.php(86): CodeIgniter\CodeIgniter->run()
#11 {main}

Next CodeIgniter\Database\Exceptions\DatabaseException: Access denied for user ''@'localhost' (using password: NO) in C:\laragon\www\rhu_backending\system\Database\MySQLi\Connection.php:229
Stack trace:
#0 C:\laragon\www\rhu_backending\system\Database\BaseConnection.php(391): CodeIgniter\Database\MySQLi\Connection->connect(false)
#1 C:\laragon\www\rhu_backending\system\Database\BaseConnection.php(574): CodeIgniter\Database\BaseConnection->initialize()
#2 C:\laragon\www\rhu_backending\system\Database\BaseBuilder.php(1615): CodeIgniter\Database\BaseConnection->query('SELECT *\nFROM `...', Array, false)
#3 C:\laragon\www\rhu_backending\system\Model.php(264): CodeIgniter\Database\BaseBuilder->get()
#4 C:\laragon\www\rhu_backending\system\BaseModel.php(662): CodeIgniter\Model->doFirst()
#5 C:\laragon\www\rhu_backending\app\Controllers\UserController.php(16): CodeIgniter\BaseModel->first()
#6 C:\laragon\www\rhu_backending\system\CodeIgniter.php(919): App\Controllers\UserController->login()
#7 C:\laragon\www\rhu_backending\system\CodeIgniter.php(494): CodeIgniter\CodeIgniter->runController(Object(App\Controllers\UserController))
#8 C:\laragon\www\rhu_backending\system\CodeIgniter.php(353): CodeIgniter\CodeIgniter->handleRequest(NULL, Object(Config\Cache), false)
#9 C:\laragon\www\rhu_backending\public\index.php(86): CodeIgniter\CodeIgniter->run()
#10 {main}
CRITICAL - 2023-11-30 04:02:07 --> Unable to connect to the database.
Main connection [MySQLi]: Access denied for user ''@'localhost' (using password: NO)
in SYSTEMPATH\Database\BaseConnection.php on line 427.
 1 SYSTEMPATH\Database\BaseConnection.php(574): CodeIgniter\Database\BaseConnection->initialize()
 2 SYSTEMPATH\Database\BaseBuilder.php(1615): CodeIgniter\Database\BaseConnection->query('SELECT *
FROM `users`
WHERE `username` IS NULL
 LIMIT 1', [], false)
 3 SYSTEMPATH\Model.php(264): CodeIgniter\Database\BaseBuilder->get()
 4 SYSTEMPATH\BaseModel.php(662): CodeIgniter\Model->doFirst()
 5 APPPATH\Controllers\UserController.php(16): CodeIgniter\BaseModel->first()
 6 SYSTEMPATH\CodeIgniter.php(919): App\Controllers\UserController->login()
 7 SYSTEMPATH\CodeIgniter.php(494): CodeIgniter\CodeIgniter->runController(Object(App\Controllers\UserController))
 8 SYSTEMPATH\CodeIgniter.php(353): CodeIgniter\CodeIgniter->handleRequest(null, Object(Config\Cache), false)
 9 FCPATH\index.php(86): CodeIgniter\CodeIgniter->run()
ERROR - 2023-11-30 04:03:23 --> Error connecting to the database: mysqli_sql_exception: Access denied for user ''@'localhost' (using password: NO) in C:\laragon\www\rhu_backending\system\Database\MySQLi\Connection.php:185
Stack trace:
#0 C:\laragon\www\rhu_backending\system\Database\MySQLi\Connection.php(185): mysqli->real_connect('localhost', '', '', '', 3306, '', 0)
#1 C:\laragon\www\rhu_backending\system\Database\BaseConnection.php(391): CodeIgniter\Database\MySQLi\Connection->connect(false)
#2 C:\laragon\www\rhu_backending\system\Database\BaseConnection.php(574): CodeIgniter\Database\BaseConnection->initialize()
#3 C:\laragon\www\rhu_backending\system\Database\BaseBuilder.php(1615): CodeIgniter\Database\BaseConnection->query('SELECT *\nFROM `...', Array, false)
#4 C:\laragon\www\rhu_backending\system\Model.php(264): CodeIgniter\Database\BaseBuilder->get()
#5 C:\laragon\www\rhu_backending\system\BaseModel.php(662): CodeIgniter\Model->doFirst()
#6 C:\laragon\www\rhu_backending\app\Controllers\UserController.php(16): CodeIgniter\BaseModel->first()
#7 C:\laragon\www\rhu_backending\system\CodeIgniter.php(919): App\Controllers\UserController->login()
#8 C:\laragon\www\rhu_backending\system\CodeIgniter.php(494): CodeIgniter\CodeIgniter->runController(Object(App\Controllers\UserController))
#9 C:\laragon\www\rhu_backending\system\CodeIgniter.php(353): CodeIgniter\CodeIgniter->handleRequest(NULL, Object(Config\Cache), false)
#10 C:\laragon\www\rhu_backending\public\index.php(86): CodeIgniter\CodeIgniter->run()
#11 {main}

Next CodeIgniter\Database\Exceptions\DatabaseException: Access denied for user ''@'localhost' (using password: NO) in C:\laragon\www\rhu_backending\system\Database\MySQLi\Connection.php:229
Stack trace:
#0 C:\laragon\www\rhu_backending\system\Database\BaseConnection.php(391): CodeIgniter\Database\MySQLi\Connection->connect(false)
#1 C:\laragon\www\rhu_backending\system\Database\BaseConnection.php(574): CodeIgniter\Database\BaseConnection->initialize()
#2 C:\laragon\www\rhu_backending\system\Database\BaseBuilder.php(1615): CodeIgniter\Database\BaseConnection->query('SELECT *\nFROM `...', Array, false)
#3 C:\laragon\www\rhu_backending\system\Model.php(264): CodeIgniter\Database\BaseBuilder->get()
#4 C:\laragon\www\rhu_backending\system\BaseModel.php(662): CodeIgniter\Model->doFirst()
#5 C:\laragon\www\rhu_backending\app\Controllers\UserController.php(16): CodeIgniter\BaseModel->first()
#6 C:\laragon\www\rhu_backending\system\CodeIgniter.php(919): App\Controllers\UserController->login()
#7 C:\laragon\www\rhu_backending\system\CodeIgniter.php(494): CodeIgniter\CodeIgniter->runController(Object(App\Controllers\UserController))
#8 C:\laragon\www\rhu_backending\system\CodeIgniter.php(353): CodeIgniter\CodeIgniter->handleRequest(NULL, Object(Config\Cache), false)
#9 C:\laragon\www\rhu_backending\public\index.php(86): CodeIgniter\CodeIgniter->run()
#10 {main}
CRITICAL - 2023-11-30 04:03:23 --> Unable to connect to the database.
Main connection [MySQLi]: Access denied for user ''@'localhost' (using password: NO)
in SYSTEMPATH\Database\BaseConnection.php on line 427.
 1 SYSTEMPATH\Database\BaseConnection.php(574): CodeIgniter\Database\BaseConnection->initialize()
 2 SYSTEMPATH\Database\BaseBuilder.php(1615): CodeIgniter\Database\BaseConnection->query('SELECT *
FROM `users`
WHERE `username` IS NULL
 LIMIT 1', [], false)
 3 SYSTEMPATH\Model.php(264): CodeIgniter\Database\BaseBuilder->get()
 4 SYSTEMPATH\BaseModel.php(662): CodeIgniter\Model->doFirst()
 5 APPPATH\Controllers\UserController.php(16): CodeIgniter\BaseModel->first()
 6 SYSTEMPATH\CodeIgniter.php(919): App\Controllers\UserController->login()
 7 SYSTEMPATH\CodeIgniter.php(494): CodeIgniter\CodeIgniter->runController(Object(App\Controllers\UserController))
 8 SYSTEMPATH\CodeIgniter.php(353): CodeIgniter\CodeIgniter->handleRequest(null, Object(Config\Cache), false)
 9 FCPATH\index.php(86): CodeIgniter\CodeIgniter->run()
ERROR - 2023-11-30 05:23:41 --> mysqli_sql_exception: No database selected in C:\laragon\www\rhu_backending\system\Database\MySQLi\Connection.php:306
Stack trace:
#0 C:\laragon\www\rhu_backending\system\Database\MySQLi\Connection.php(306): mysqli->query('SELECT *\nFROM `...', 0)
#1 C:\laragon\www\rhu_backending\system\Database\BaseConnection.php(692): CodeIgniter\Database\MySQLi\Connection->execute('SELECT *\nFROM `...')
#2 C:\laragon\www\rhu_backending\system\Database\BaseConnection.php(606): CodeIgniter\Database\BaseConnection->simpleQuery('SELECT *\nFROM `...')
#3 C:\laragon\www\rhu_backending\system\Database\BaseBuilder.php(1615): CodeIgniter\Database\BaseConnection->query('SELECT *\nFROM `...', Array, false)
#4 C:\laragon\www\rhu_backending\system\Model.php(264): CodeIgniter\Database\BaseBuilder->get()
#5 C:\laragon\www\rhu_backending\system\BaseModel.php(662): CodeIgniter\Model->doFirst()
#6 C:\laragon\www\rhu_backending\app\Controllers\UserController.php(16): CodeIgniter\BaseModel->first()
#7 C:\laragon\www\rhu_backending\system\CodeIgniter.php(919): App\Controllers\UserController->login()
#8 C:\laragon\www\rhu_backending\system\CodeIgniter.php(494): CodeIgniter\CodeIgniter->runController(Object(App\Controllers\UserController))
#9 C:\laragon\www\rhu_backending\system\CodeIgniter.php(353): CodeIgniter\CodeIgniter->handleRequest(NULL, Object(Config\Cache), false)
#10 C:\laragon\www\rhu_backending\public\index.php(86): CodeIgniter\CodeIgniter->run()
#11 {main}
CRITICAL - 2023-11-30 05:23:41 --> No database selected
in SYSTEMPATH\Database\BaseConnection.php on line 646.
 1 SYSTEMPATH\Database\BaseBuilder.php(1615): CodeIgniter\Database\BaseConnection->query('SELECT *
FROM `users`
WHERE `username` IS NULL
 LIMIT 1', [], false)
 2 SYSTEMPATH\Model.php(264): CodeIgniter\Database\BaseBuilder->get()
 3 SYSTEMPATH\BaseModel.php(662): CodeIgniter\Model->doFirst()
 4 APPPATH\Controllers\UserController.php(16): CodeIgniter\BaseModel->first()
 5 SYSTEMPATH\CodeIgniter.php(919): App\Controllers\UserController->login()
 6 SYSTEMPATH\CodeIgniter.php(494): CodeIgniter\CodeIgniter->runController(Object(App\Controllers\UserController))
 7 SYSTEMPATH\CodeIgniter.php(353): CodeIgniter\CodeIgniter->handleRequest(null, Object(Config\Cache), false)
 8 FCPATH\index.php(86): CodeIgniter\CodeIgniter->run()
ERROR - 2023-11-30 05:24:30 --> mysqli_sql_exception: Unknown column 'username' in 'where clause' in C:\laragon\www\rhu_backending\system\Database\MySQLi\Connection.php:306
Stack trace:
#0 C:\laragon\www\rhu_backending\system\Database\MySQLi\Connection.php(306): mysqli->query('SELECT *\nFROM `...', 0)
#1 C:\laragon\www\rhu_backending\system\Database\BaseConnection.php(692): CodeIgniter\Database\MySQLi\Connection->execute('SELECT *\nFROM `...')
#2 C:\laragon\www\rhu_backending\system\Database\BaseConnection.php(606): CodeIgniter\Database\BaseConnection->simpleQuery('SELECT *\nFROM `...')
#3 C:\laragon\www\rhu_backending\system\Database\BaseBuilder.php(1615): CodeIgniter\Database\BaseConnection->query('SELECT *\nFROM `...', Array, false)
#4 C:\laragon\www\rhu_backending\system\Model.php(264): CodeIgniter\Database\BaseBuilder->get()
#5 C:\laragon\www\rhu_backending\system\BaseModel.php(662): CodeIgniter\Model->doFirst()
#6 C:\laragon\www\rhu_backending\app\Controllers\UserController.php(16): CodeIgniter\BaseModel->first()
#7 C:\laragon\www\rhu_backending\system\CodeIgniter.php(919): App\Controllers\UserController->login()
#8 C:\laragon\www\rhu_backending\system\CodeIgniter.php(494): CodeIgniter\CodeIgniter->runController(Object(App\Controllers\UserController))
#9 C:\laragon\www\rhu_backending\system\CodeIgniter.php(353): CodeIgniter\CodeIgniter->handleRequest(NULL, Object(Config\Cache), false)
#10 C:\laragon\www\rhu_backending\public\index.php(86): CodeIgniter\CodeIgniter->run()
#11 {main}
CRITICAL - 2023-11-30 05:24:30 --> Unknown column 'username' in 'where clause'
in SYSTEMPATH\Database\BaseConnection.php on line 646.
 1 SYSTEMPATH\Database\BaseBuilder.php(1615): CodeIgniter\Database\BaseConnection->query('SELECT *
FROM `users`
WHERE `username` IS NULL
 LIMIT 1', [], false)
 2 SYSTEMPATH\Model.php(264): CodeIgniter\Database\BaseBuilder->get()
 3 SYSTEMPATH\BaseModel.php(662): CodeIgniter\Model->doFirst()
 4 APPPATH\Controllers\UserController.php(16): CodeIgniter\BaseModel->first()
 5 SYSTEMPATH\CodeIgniter.php(919): App\Controllers\UserController->login()
 6 SYSTEMPATH\CodeIgniter.php(494): CodeIgniter\CodeIgniter->runController(Object(App\Controllers\UserController))
 7 SYSTEMPATH\CodeIgniter.php(353): CodeIgniter\CodeIgniter->handleRequest(null, Object(Config\Cache), false)
 8 FCPATH\index.php(86): CodeIgniter\CodeIgniter->run()
ERROR - 2023-11-30 05:24:31 --> mysqli_sql_exception: Unknown column 'username' in 'where clause' in C:\laragon\www\rhu_backending\system\Database\MySQLi\Connection.php:306
Stack trace:
#0 C:\laragon\www\rhu_backending\system\Database\MySQLi\Connection.php(306): mysqli->query('SELECT *\nFROM `...', 0)
#1 C:\laragon\www\rhu_backending\system\Database\BaseConnection.php(692): CodeIgniter\Database\MySQLi\Connection->execute('SELECT *\nFROM `...')
#2 C:\laragon\www\rhu_backending\system\Database\BaseConnection.php(606): CodeIgniter\Database\BaseConnection->simpleQuery('SELECT *\nFROM `...')
#3 C:\laragon\www\rhu_backending\system\Database\BaseBuilder.php(1615): CodeIgniter\Database\BaseConnection->query('SELECT *\nFROM `...', Array, false)
#4 C:\laragon\www\rhu_backending\system\Model.php(264): CodeIgniter\Database\BaseBuilder->get()
#5 C:\laragon\www\rhu_backending\system\BaseModel.php(662): CodeIgniter\Model->doFirst()
#6 C:\laragon\www\rhu_backending\app\Controllers\UserController.php(16): CodeIgniter\BaseModel->first()
#7 C:\laragon\www\rhu_backending\system\CodeIgniter.php(919): App\Controllers\UserController->login()
#8 C:\laragon\www\rhu_backending\system\CodeIgniter.php(494): CodeIgniter\CodeIgniter->runController(Object(App\Controllers\UserController))
#9 C:\laragon\www\rhu_backending\system\CodeIgniter.php(353): CodeIgniter\CodeIgniter->handleRequest(NULL, Object(Config\Cache), false)
#10 C:\laragon\www\rhu_backending\public\index.php(86): CodeIgniter\CodeIgniter->run()
#11 {main}
CRITICAL - 2023-11-30 05:24:31 --> Unknown column 'username' in 'where clause'
in SYSTEMPATH\Database\BaseConnection.php on line 646.
 1 SYSTEMPATH\Database\BaseBuilder.php(1615): CodeIgniter\Database\BaseConnection->query('SELECT *
FROM `users`
WHERE `username` IS NULL
 LIMIT 1', [], false)
 2 SYSTEMPATH\Model.php(264): CodeIgniter\Database\BaseBuilder->get()
 3 SYSTEMPATH\BaseModel.php(662): CodeIgniter\Model->doFirst()
 4 APPPATH\Controllers\UserController.php(16): CodeIgniter\BaseModel->first()
 5 SYSTEMPATH\CodeIgniter.php(919): App\Controllers\UserController->login()
 6 SYSTEMPATH\CodeIgniter.php(494): CodeIgniter\CodeIgniter->runController(Object(App\Controllers\UserController))
 7 SYSTEMPATH\CodeIgniter.php(353): CodeIgniter\CodeIgniter->handleRequest(null, Object(Config\Cache), false)
 8 FCPATH\index.php(86): CodeIgniter\CodeIgniter->run()
ERROR - 2023-11-30 05:25:50 --> mysqli_sql_exception: Unknown column 'username' in 'where clause' in C:\laragon\www\rhu_backending\system\Database\MySQLi\Connection.php:306
Stack trace:
#0 C:\laragon\www\rhu_backending\system\Database\MySQLi\Connection.php(306): mysqli->query('SELECT *\nFROM `...', 0)
#1 C:\laragon\www\rhu_backending\system\Database\BaseConnection.php(692): CodeIgniter\Database\MySQLi\Connection->execute('SELECT *\nFROM `...')
#2 C:\laragon\www\rhu_backending\system\Database\BaseConnection.php(606): CodeIgniter\Database\BaseConnection->simpleQuery('SELECT *\nFROM `...')
#3 C:\laragon\www\rhu_backending\system\Database\BaseBuilder.php(1615): CodeIgniter\Database\BaseConnection->query('SELECT *\nFROM `...', Array, false)
#4 C:\laragon\www\rhu_backending\system\Model.php(264): CodeIgniter\Database\BaseBuilder->get()
#5 C:\laragon\www\rhu_backending\system\BaseModel.php(662): CodeIgniter\Model->doFirst()
#6 C:\laragon\www\rhu_backending\app\Controllers\UserController.php(16): CodeIgniter\BaseModel->first()
#7 C:\laragon\www\rhu_backending\system\CodeIgniter.php(919): App\Controllers\UserController->login()
#8 C:\laragon\www\rhu_backending\system\CodeIgniter.php(494): CodeIgniter\CodeIgniter->runController(Object(App\Controllers\UserController))
#9 C:\laragon\www\rhu_backending\system\CodeIgniter.php(353): CodeIgniter\CodeIgniter->handleRequest(NULL, Object(Config\Cache), false)
#10 C:\laragon\www\rhu_backending\public\index.php(86): CodeIgniter\CodeIgniter->run()
#11 {main}
CRITICAL - 2023-11-30 05:25:50 --> Unknown column 'username' in 'where clause'
in SYSTEMPATH\Database\BaseConnection.php on line 646.
 1 SYSTEMPATH\Database\BaseBuilder.php(1615): CodeIgniter\Database\BaseConnection->query('SELECT *
FROM `users`
WHERE `username` IS NULL
 LIMIT 1', [], false)
 2 SYSTEMPATH\Model.php(264): CodeIgniter\Database\BaseBuilder->get()
 3 SYSTEMPATH\BaseModel.php(662): CodeIgniter\Model->doFirst()
 4 APPPATH\Controllers\UserController.php(16): CodeIgniter\BaseModel->first()
 5 SYSTEMPATH\CodeIgniter.php(919): App\Controllers\UserController->login()
 6 SYSTEMPATH\CodeIgniter.php(494): CodeIgniter\CodeIgniter->runController(Object(App\Controllers\UserController))
 7 SYSTEMPATH\CodeIgniter.php(353): CodeIgniter\CodeIgniter->handleRequest(null, Object(Config\Cache), false)
 8 FCPATH\index.php(86): CodeIgniter\CodeIgniter->run()
ERROR - 2023-11-30 12:57:49 --> mysqli_sql_exception: Column 'email' cannot be null in C:\laragon\www\rhu_backending\system\Database\MySQLi\Connection.php:306
Stack trace:
#0 C:\laragon\www\rhu_backending\system\Database\MySQLi\Connection.php(306): mysqli->query('INSERT INTO `us...', 0)
#1 C:\laragon\www\rhu_backending\system\Database\BaseConnection.php(692): CodeIgniter\Database\MySQLi\Connection->execute('INSERT INTO `us...')
#2 C:\laragon\www\rhu_backending\system\Database\BaseConnection.php(606): CodeIgniter\Database\BaseConnection->simpleQuery('INSERT INTO `us...')
#3 C:\laragon\www\rhu_backending\system\Database\BaseBuilder.php(2308): CodeIgniter\Database\BaseConnection->query('INSERT INTO `us...', Array, false)
#4 C:\laragon\www\rhu_backending\system\Model.php(319): CodeIgniter\Database\BaseBuilder->insert()
#5 C:\laragon\www\rhu_backending\system\BaseModel.php(788): CodeIgniter\Model->doInsert(Array)
#6 C:\laragon\www\rhu_backending\system\Model.php(715): CodeIgniter\BaseModel->insert(Array, false)
#7 C:\laragon\www\rhu_backending\system\BaseModel.php(698): CodeIgniter\Model->insert(Array, false)
#8 C:\laragon\www\rhu_backending\app\Controllers\UserController.php(21): CodeIgniter\BaseModel->save(Array)
#9 C:\laragon\www\rhu_backending\system\CodeIgniter.php(919): App\Controllers\UserController->login()
#10 C:\laragon\www\rhu_backending\system\CodeIgniter.php(494): CodeIgniter\CodeIgniter->runController(Object(App\Controllers\UserController))
#11 C:\laragon\www\rhu_backending\system\CodeIgniter.php(353): CodeIgniter\CodeIgniter->handleRequest(NULL, Object(Config\Cache), false)
#12 C:\laragon\www\rhu_backending\public\index.php(86): CodeIgniter\CodeIgniter->run()
#13 {main}
CRITICAL - 2023-11-30 12:57:49 --> Column 'email' cannot be null
in SYSTEMPATH\Database\BaseConnection.php on line 646.
 1 SYSTEMPATH\Database\BaseBuilder.php(2308): CodeIgniter\Database\BaseConnection->query('INSERT INTO `users` (`email`, `password`) VALUES (:email:, :password:)', [...], false)
 2 SYSTEMPATH\Model.php(319): CodeIgniter\Database\BaseBuilder->insert()
 3 SYSTEMPATH\BaseModel.php(788): CodeIgniter\Model->doInsert([...])
 4 SYSTEMPATH\Model.php(715): CodeIgniter\BaseModel->insert([...], false)
 5 SYSTEMPATH\BaseModel.php(698): CodeIgniter\Model->insert([...], false)
 6 APPPATH\Controllers\UserController.php(21): CodeIgniter\BaseModel->save([...])
 7 SYSTEMPATH\CodeIgniter.php(919): App\Controllers\UserController->login()
 8 SYSTEMPATH\CodeIgniter.php(494): CodeIgniter\CodeIgniter->runController(Object(App\Controllers\UserController))
 9 SYSTEMPATH\CodeIgniter.php(353): CodeIgniter\CodeIgniter->handleRequest(null, Object(Config\Cache), false)
10 FCPATH\index.php(86): CodeIgniter\CodeIgniter->run()
